<?xml version="1.0" encoding="UTF-8"?>
<!-- Generated by org.testng.reporters.JUnitXMLReporter -->
<testsuite hostname="DESKTOP-TA703BO" ignored="0" name="Add Customer Test" tests="3" failures="0" timestamp="10 Mar 2020 00:20:20 GMT" time="1.985" errors="0">
  <testcase name="addCustomer" time="0.858" classname="com.w2a.testcases.AddCustomerTest"/>
  <testcase name="addCustomer" time="0.506" classname="com.w2a.testcases.AddCustomerTest"/>
  <testcase name="addCustomer" time="0.581" classname="com.w2a.testcases.AddCustomerTest"/>
</testsuite> <!-- Add Customer Test -->
