<?xml version="1.0" encoding="UTF-8"?>
<!-- Generated by org.testng.reporters.JUnitXMLReporter -->
<testsuite hostname="DESKTOP-V2QMC28" ignored="0" name="Bank Manager Login Test" tests="1" failures="1" timestamp="09 Mar 2020 19:05:38 GMT" time="2.148" errors="0">
  <testcase name="loginAsBankManager" time="1.036" classname="com.w2a.testcases.BankManagerLoginTest">
    <failure type="java.lang.AssertionError" message="Login not Successful">
      <![CDATA[java.lang.AssertionError: Login not Successful
	at com.w2a.testcases.BankManagerLoginTest.loginAsBankManager(BankManagerLoginTest.java:21)
... Removed 29 stack frames]]>
    </failure>
  </testcase> <!-- loginAsBankManager -->
</testsuite> <!-- Bank Manager Login Test -->
