<?xml version="1.0" encoding="UTF-8"?>
<testsuite name="TestSuite" time="4.374" tests="2" errors="0" skipped="0" failures="2">
  <properties>
[...]
</properties>
  <testcase name="loginAsBankManager" classname="com.w2a.testcases.BankManagerLoginTest" time="2.071">
    <failure message="Login not Successful" type="java.lang.AssertionError">java.lang.AssertionError: Login not Successful
	at org.testng.Assert.fail(Assert.java:93)
	at com.w2a.testcases.BankManagerLoginTest.loginAsBankManager(BankManagerLoginTest.java:21)
</failure>
    <system-out><![CDATA[chrome
//button[contains(text(),'Bank Manager Login')]
]]></system-out>
    <system-err><![CDATA[log4j:WARN No appenders could be found for logger (devpinoyLogger).
log4j:WARN Please initialize the log4j system properly.
log4j:WARN See http://logging.apache.org/log4j/1.2/faq.html#noconfig for more info.
Starting ChromeDriver 80.0.3987.106 (f68069574609230cf9b635cd784cfb1bf81bb53a-refs/branch-heads/3987@{#882}) on port 3010
Only local connections are allowed.
Please protect ports used by ChromeDriver and related test frameworks to prevent access by malicious code.
[1583780721.212][WARNING]: Timed out connecting to Chrome, retrying...
Mar 09, 2020 3:05:23 PM org.openqa.selenium.remote.ProtocolHandshake createSession
INFO: Detected dialect: W3C
[1583780724.677][SEVERE]: Timed out receiving message from renderer: 0.100
[1583780724.790][SEVERE]: Timed out receiving message from renderer: 0.100
[1583780724.907][SEVERE]: Timed out receiving message from renderer: 0.100
[1583780725.019][SEVERE]: Timed out receiving message from renderer: 0.100
[1583780725.123][SEVERE]: Timed out receiving message from renderer: 0.100
[1583780725.226][SEVERE]: Timed out receiving message from renderer: 0.100
[1583780725.330][SEVERE]: Timed out receiving message from renderer: 0.100
[1583780725.533][SEVERE]: Timed out receiving message from renderer: 0.100
[1583780725.636][SEVERE]: Timed out receiving message from renderer: 0.100
[1583780725.739][SEVERE]: Timed out receiving message from renderer: 0.100
[1583780725.898][SEVERE]: Timed out receiving message from renderer: 0.100
[1583780726.008][SEVERE]: Timed out receiving message from renderer: 0.100
[1583780726.116][SEVERE]: Timed out receiving message from renderer: 0.100
[1583780726.219][SEVERE]: Timed out receiving message from renderer: 0.100
[1583780726.321][SEVERE]: Timed out receiving message from renderer: 0.100
[1583780726.423][SEVERE]: Timed out receiving message from renderer: 0.100
[1583780726.534][SEVERE]: Timed out receiving message from renderer: 0.100
[1583780726.639][SEVERE]: Timed out receiving message from renderer: 0.100
[1583780726.842][SEVERE]: Timed out receiving message from renderer: 0.100
[1583780726.946][SEVERE]: Timed out receiving message from renderer: 0.100
[1583780727.111][SEVERE]: Timed out receiving message from renderer: 0.100
[1583780727.250][SEVERE]: Timed out receiving message from renderer: 0.100
[1583780727.368][SEVERE]: Timed out receiving message from renderer: 0.100
[1583780727.527][SEVERE]: Timed out receiving message from renderer: 0.100
[1583780727.629][SEVERE]: Timed out receiving message from renderer: 0.100
[1583780727.731][SEVERE]: Timed out receiving message from renderer: 0.100
[1583780727.835][SEVERE]: Timed out receiving message from renderer: 0.100
[1583780730.903][WARNING]: Timed out connecting to Chrome, retrying...
]]></system-err>
  </testcase>
  <testcase name="addCustomer" classname="com.w2a.testcases.AddCustomerTest" time="2.303">
    <failure message="Cannot find elements when the selector is null" type="java.lang.IllegalArgumentException"><![CDATA[java.lang.IllegalArgumentException: Cannot find elements when the selector is null
	at org.openqa.selenium.By$ByCssSelector.<init>(By.java:422)
	at org.openqa.selenium.By.cssSelector(By.java:116)
	at com.w2a.testcases.AddCustomerTest.addCustomer(AddCustomerTest.java:22)
]]></failure>
    <system-out><![CDATA[4
]]></system-out>
  </testcase>
</testsuite>