<?xml version="1.0" encoding="UTF-8"?>
<testng-results skipped="0" failed="0" ignored="0" total="4" passed="4">
  <reporter-output>
  </reporter-output>
  <suite name="Data Driven Basics" duration-ms="2709" started-at="2020-03-10T00:20:18Z" finished-at="2020-03-10T00:20:20Z">
    <groups>
    </groups>
    <test name="Bank Manager Login Test" duration-ms="688" started-at="2020-03-10T00:20:18Z" finished-at="2020-03-10T00:20:18Z">
      <class name="com.w2a.testcases.BankManagerLoginTest">
        <test-method status="PASS" signature="loginAsBankManager()[pri:0, instance:com.w2a.testcases.BankManagerLoginTest@17046283]" name="loginAsBankManager" duration-ms="662" started-at="2020-03-09T20:20:18Z" finished-at="2020-03-09T20:20:18Z">
          <reporter-output>
          </reporter-output>
        </test-method> <!-- loginAsBankManager -->
      </class> <!-- com.w2a.testcases.BankManagerLoginTest -->
    </test> <!-- Bank Manager Login Test -->
    <test name="Add Customer Test" duration-ms="1985" started-at="2020-03-10T00:20:18Z" finished-at="2020-03-10T00:20:20Z">
      <class name="com.w2a.testcases.AddCustomerTest">
        <test-method status="PASS" signature="setUp()[pri:0, instance:com.w2a.testcases.AddCustomerTest@635eaaf1]" name="setUp" is-config="true" duration-ms="12669" started-at="2020-03-09T20:20:05Z" finished-at="2020-03-09T20:20:18Z">
          <reporter-output>
          </reporter-output>
        </test-method> <!-- setUp -->
        <test-method status="PASS" signature="addCustomer(java.lang.String, java.lang.String, java.lang.String, java.lang.String)[pri:0, instance:com.w2a.testcases.AddCustomerTest@635eaaf1]" name="addCustomer" duration-ms="858" started-at="2020-03-09T20:20:18Z" data-provider="getData" finished-at="2020-03-09T20:20:19Z">
          <params>
            <param index="0">
              <value>
                <![CDATA[mmed]]>
              </value>
            </param>
            <param index="1">
              <value>
                <![CDATA[kilani]]>
              </value>
            </param>
            <param index="2">
              <value>
                <![CDATA[22311.0]]>
              </value>
            </param>
            <param index="3">
              <value>
                <![CDATA[Customer added successfully with customer id]]>
              </value>
            </param>
          </params>
          <reporter-output>
          </reporter-output>
        </test-method> <!-- addCustomer -->
        <test-method status="PASS" signature="addCustomer(java.lang.String, java.lang.String, java.lang.String, java.lang.String)[pri:0, instance:com.w2a.testcases.AddCustomerTest@635eaaf1]" name="addCustomer" duration-ms="506" started-at="2020-03-09T20:20:19Z" data-provider="getData" finished-at="2020-03-09T20:20:20Z">
          <params>
            <param index="0">
              <value>
                <![CDATA[Abbi]]>
              </value>
            </param>
            <param index="1">
              <value>
                <![CDATA[Med]]>
              </value>
            </param>
            <param index="2">
              <value>
                <![CDATA[22345.0]]>
              </value>
            </param>
            <param index="3">
              <value>
                <![CDATA[Customer added successfully with customer id]]>
              </value>
            </param>
          </params>
          <reporter-output>
          </reporter-output>
        </test-method> <!-- addCustomer -->
        <test-method status="PASS" signature="addCustomer(java.lang.String, java.lang.String, java.lang.String, java.lang.String)[pri:0, instance:com.w2a.testcases.AddCustomerTest@635eaaf1]" name="addCustomer" duration-ms="581" started-at="2020-03-09T20:20:20Z" data-provider="getData" finished-at="2020-03-09T20:20:20Z">
          <params>
            <param index="0">
              <value>
                <![CDATA[Abdel]]>
              </value>
            </param>
            <param index="1">
              <value>
                <![CDATA[Dsw]]>
              </value>
            </param>
            <param index="2">
              <value>
                <![CDATA[22092.0]]>
              </value>
            </param>
            <param index="3">
              <value>
                <![CDATA[Customer added successfully with customer id]]>
              </value>
            </param>
          </params>
          <reporter-output>
          </reporter-output>
        </test-method> <!-- addCustomer -->
        <test-method status="PASS" signature="tearDown()[pri:0, instance:com.w2a.testcases.AddCustomerTest@635eaaf1]" name="tearDown" is-config="true" duration-ms="1634" started-at="2020-03-09T20:20:20Z" finished-at="2020-03-09T20:20:22Z">
          <reporter-output>
          </reporter-output>
        </test-method> <!-- tearDown -->
      </class> <!-- com.w2a.testcases.AddCustomerTest -->
    </test> <!-- Add Customer Test -->
  </suite> <!-- Data Driven Basics -->
</testng-results>
