<?xml version="1.0" encoding="UTF-8"?>
<!-- Generated by org.testng.reporters.JUnitXMLReporter -->
<testsuite hostname="DESKTOP-V2QMC28" ignored="0" name="Add Customer Test" tests="3" failures="0" timestamp="09 Mar 2020 20:05:41 GMT" time="2.478" errors="0">
  <testcase name="addCustomer" time="1.099" classname="com.w2a.testcases.AddCustomerTest"/>
  <testcase name="addCustomer" time="0.616" classname="com.w2a.testcases.AddCustomerTest"/>
  <testcase name="addCustomer" time="0.702" classname="com.w2a.testcases.AddCustomerTest"/>
</testsuite> <!-- Add Customer Test -->
