<?xml version="1.0" encoding="UTF-8"?>
<testsuite name="Add Customer Test"
           tests="3"
           failures="0"
           errors="0"
           skipped="0"
           time="2.918">
  <properties />
  
  
            <testcase name="addCustomer" time="0.735" classname="com.w2a.testcases.AddCustomerTest" />
                <testcase name="addCustomer" time="0.664" classname="com.w2a.testcases.AddCustomerTest" />
                <testcase name="addCustomer" time="1.519" classname="com.w2a.testcases.AddCustomerTest" />
      
</testsuite>
